<?xml version="1.0" encoding="UTF-8"?>
<!-- Generated by org.testng.reporters.JUnitXMLReporter -->
<testsuite ignored="0" hostname="Jigiridhosthu" failures="0" tests="3" name="Test" time="18.61" errors="0" timestamp="2023-04-06T10:59:41 IST">
  <testcase classname="testcase.CreateLead" name="createLead" time="7.498"/>
  <testcase classname="testcase.DeleteLead" name="deleteLead" time="5.206"/>
  <testcase classname="testcase.DuplicateLead" name="duplicateLead" time="5.856"/>
</testsuite> <!-- Test -->
