<?xml version="1.0" encoding="UTF-8"?>
<testng-results ignored="0" total="1" passed="1" failed="0" skipped="0">
  <reporter-output>
  </reporter-output>
  <suite started-at="2023-07-27T19:06:02 IST" name="Default suite" finished-at="2023-07-27T19:06:02 IST" duration-ms="62">
    <groups>
    </groups>
    <test started-at="2023-07-27T19:06:02 IST" name="Default test" finished-at="2023-07-27T19:06:02 IST" duration-ms="62">
      <class name="assignments.annot">
        <test-method is-config="true" signature="first()[pri:0, instance:assignments.annot@783a467b]" started-at="2023-07-27T19:06:02 IST" name="first" finished-at="2023-07-27T19:06:02 IST" duration-ms="7" status="PASS">
          <reporter-output>
          </reporter-output>
        </test-method> <!-- first -->
        <test-method is-config="true" signature="fourth()[pri:0, instance:assignments.annot@783a467b]" started-at="2023-07-27T19:06:02 IST" name="fourth" finished-at="2023-07-27T19:06:02 IST" duration-ms="1" status="PASS">
          <reporter-output>
          </reporter-output>
        </test-method> <!-- fourth -->
        <test-method is-config="true" signature="second()[pri:0, instance:assignments.annot@783a467b]" started-at="2023-07-27T19:06:02 IST" name="second" finished-at="2023-07-27T19:06:02 IST" duration-ms="1" status="PASS">
          <reporter-output>
          </reporter-output>
        </test-method> <!-- second -->
        <test-method is-config="true" signature="third()[pri:0, instance:assignments.annot@783a467b]" started-at="2023-07-27T19:06:02 IST" name="third" finished-at="2023-07-27T19:06:02 IST" duration-ms="1" status="PASS">
          <reporter-output>
          </reporter-output>
        </test-method> <!-- third -->
        <test-method signature="second()[pri:0, instance:assignments.annot@783a467b]" started-at="2023-07-27T19:06:02 IST" name="second" finished-at="2023-07-27T19:06:02 IST" duration-ms="13" status="PASS">
          <reporter-output>
          </reporter-output>
        </test-method> <!-- second -->
        <test-method is-config="true" signature="five()[pri:0, instance:assignments.annot@783a467b]" started-at="2023-07-27T19:06:02 IST" name="five" finished-at="2023-07-27T19:06:02 IST" duration-ms="0" status="PASS">
          <reporter-output>
          </reporter-output>
        </test-method> <!-- five -->
      </class> <!-- assignments.annot -->
    </test> <!-- Default test -->
  </suite> <!-- Default suite -->
</testng-results>
